2025-03-13 01:26:50,746 - INFO - MockBoost.exe已启动，进程ID: 37484
2025-03-13 01:26:51,749 - INFO - CPU使用率: 100.0%
2025-03-13 01:26:51,749 - INFO - 内存使用: 183.79 MB
2025-03-13 01:26:51,749 - WARNING - CPU使用率过高: 100.0%
2025-03-13 01:26:57,750 - INFO - CPU使用率: 96.9%
2025-03-13 01:26:57,750 - INFO - 内存使用: 674.54 MB
2025-03-13 01:26:57,750 - WARNING - CPU使用率过高: 96.9%
2025-03-13 01:27:03,751 - INFO - CPU使用率: 100.0%
2025-03-13 01:27:03,751 - INFO - 内存使用: 707.11 MB
2025-03-13 01:27:03,751 - WARNING - CPU使用率过高: 100.0%
2025-03-13 01:27:09,752 - INFO - CPU使用率: 0.0%
2025-03-13 01:27:09,752 - INFO - 内存使用: 908.40 MB
2025-03-13 01:27:15,753 - INFO - CPU使用率: 0.0%
2025-03-13 01:27:15,754 - INFO - 内存使用: 910.71 MB
2025-03-13 01:27:21,756 - INFO - CPU使用率: 0.0%
2025-03-13 01:27:21,756 - INFO - 内存使用: 910.99 MB
2025-03-13 01:27:27,757 - INFO - CPU使用率: 0.0%
2025-03-13 01:27:27,757 - INFO - 内存使用: 911.00 MB
2025-03-13 01:27:33,760 - INFO - CPU使用率: 0.0%
2025-03-13 01:27:33,760 - INFO - 内存使用: 1316.56 MB
2025-03-13 01:27:33,760 - WARNING - 内存使用过高: 1316.56 MB
2025-03-13 01:27:39,762 - INFO - CPU使用率: 0.0%
2025-03-13 01:27:39,762 - INFO - 内存使用: 1316.56 MB
2025-03-13 01:27:39,762 - WARNING - 内存使用过高: 1316.56 MB
2025-03-13 01:27:45,764 - INFO - CPU使用率: 0.0%
2025-03-13 01:27:45,764 - INFO - 内存使用: 1316.56 MB
2025-03-13 01:27:45,764 - WARNING - 内存使用过高: 1316.56 MB
2025-03-13 01:27:51,766 - INFO - CPU使用率: 0.0%
2025-03-13 01:27:51,766 - INFO - 内存使用: 1316.56 MB
2025-03-13 01:27:51,766 - WARNING - 内存使用过高: 1316.56 MB
2025-03-13 01:27:57,768 - INFO - CPU使用率: 0.0%
2025-03-13 01:27:57,768 - INFO - 内存使用: 1316.56 MB
2025-03-13 01:27:57,768 - WARNING - 内存使用过高: 1316.56 MB
2025-03-13 01:28:03,769 - INFO - CPU使用率: 0.0%
2025-03-13 01:28:03,769 - INFO - 内存使用: 1316.56 MB
2025-03-13 01:28:03,769 - WARNING - 内存使用过高: 1316.56 MB
2025-03-13 01:28:09,770 - INFO - CPU使用率: 0.0%
2025-03-13 01:28:09,770 - INFO - 内存使用: 2801.15 MB
2025-03-13 01:28:09,770 - WARNING - 内存使用过高: 2801.15 MB
2025-03-13 01:28:15,781 - INFO - CPU使用率: 10.9%
2025-03-13 01:28:15,781 - INFO - 内存使用: 992.77 MB
2025-03-13 01:28:20,782 - WARNING - MockBoost.exe已终止
2025-03-13 01:28:40,461 - INFO - MockBoost.exe已启动，进程ID: 25556
2025-03-13 01:28:41,462 - INFO - CPU使用率: 95.3%
2025-03-13 01:28:41,462 - INFO - 内存使用: 183.84 MB
2025-03-13 01:28:41,462 - WARNING - CPU使用率过高: 95.3%
2025-03-13 01:28:41,494 - INFO - 监控程序被用户终止
2025-03-13 01:28:41,494 - INFO - MockBoost.exe已被终止
2025-03-13 01:30:22,050 - INFO - MockBoost.exe已启动，进程ID: 9752
2025-03-13 01:30:23,052 - INFO - CPU使用率: 95.3%
2025-03-13 01:30:23,052 - INFO - 内存使用: 183.04 MB
2025-03-13 01:30:23,052 - WARNING - CPU使用率过高: 95.3%
2025-03-13 01:30:29,054 - INFO - CPU使用率: 93.8%
2025-03-13 01:30:29,054 - INFO - 内存使用: 840.64 MB
2025-03-13 01:30:29,054 - WARNING - CPU使用率过高: 93.8%
2025-03-13 01:30:35,055 - INFO - CPU使用率: 1.6%
2025-03-13 01:30:35,055 - INFO - 内存使用: 872.36 MB
2025-03-13 01:30:41,056 - INFO - CPU使用率: 4.7%
2025-03-13 01:30:41,056 - INFO - 内存使用: 872.86 MB
2025-03-13 01:30:46,057 - WARNING - MockBoost.exe已终止
2025-03-13 01:32:28,294 - INFO - MockBoost.exe已启动，进程ID: 23728
2025-03-13 01:32:29,296 - INFO - CPU使用率: 85.9%
2025-03-13 01:32:29,296 - INFO - 内存使用: 179.73 MB
2025-03-13 01:32:35,297 - INFO - CPU使用率: 98.4%
2025-03-13 01:32:35,297 - INFO - 内存使用: 843.16 MB
2025-03-13 01:32:35,297 - WARNING - CPU使用率过高: 98.4%
2025-03-13 01:32:41,298 - INFO - CPU使用率: 0.0%
2025-03-13 01:32:41,298 - INFO - 内存使用: 867.24 MB
2025-03-13 01:32:47,299 - INFO - CPU使用率: 1.6%
2025-03-13 01:32:47,299 - INFO - 内存使用: 870.62 MB
2025-03-13 01:32:53,300 - INFO - CPU使用率: 0.0%
2025-03-13 01:32:53,300 - INFO - 内存使用: 1272.82 MB
2025-03-13 01:32:53,300 - WARNING - 内存使用过高: 1272.82 MB
2025-03-13 01:32:59,320 - INFO - CPU使用率: 6.2%
2025-03-13 01:32:59,320 - INFO - 内存使用: 764.14 MB
2025-03-13 01:33:04,321 - WARNING - MockBoost.exe已终止
2025-03-13 01:58:34,903 - INFO - MockBoost.exe已启动，进程ID: 39196
2025-03-13 01:58:35,907 - INFO - CPU使用率: 95.3%
2025-03-13 01:58:35,907 - INFO - 内存使用: 183.20 MB
2025-03-13 01:58:35,907 - WARNING - CPU使用率过高: 95.3%
2025-03-13 01:58:41,908 - INFO - CPU使用率: 96.9%
2025-03-13 01:58:41,908 - INFO - 内存使用: 657.66 MB
2025-03-13 01:58:41,908 - WARNING - CPU使用率过高: 96.9%
2025-03-13 01:58:47,909 - INFO - CPU使用率: 95.3%
2025-03-13 01:58:47,909 - INFO - 内存使用: 690.20 MB
2025-03-13 01:58:47,909 - WARNING - CPU使用率过高: 95.3%
2025-03-13 01:58:53,910 - INFO - CPU使用率: 85.9%
2025-03-13 01:58:53,910 - INFO - 内存使用: 815.04 MB
2025-03-13 01:58:59,911 - INFO - CPU使用率: 3.1%
2025-03-13 01:58:59,911 - INFO - 内存使用: 909.15 MB
2025-03-13 01:59:05,912 - INFO - CPU使用率: 3.1%
2025-03-13 01:59:05,912 - INFO - 内存使用: 923.45 MB
2025-03-13 01:59:11,913 - INFO - CPU使用率: 1.6%
2025-03-13 01:59:11,913 - INFO - 内存使用: 924.76 MB
2025-03-13 01:59:17,914 - INFO - CPU使用率: 7.8%
2025-03-13 01:59:17,914 - INFO - 内存使用: 927.51 MB
2025-03-13 01:59:23,915 - INFO - CPU使用率: 1.6%
2025-03-13 01:59:23,915 - INFO - 内存使用: 927.45 MB
2025-03-13 01:59:29,916 - INFO - CPU使用率: 0.0%
2025-03-13 01:59:29,916 - INFO - 内存使用: 1332.79 MB
2025-03-13 01:59:29,916 - WARNING - 内存使用过高: 1332.79 MB
2025-03-13 01:59:34,917 - WARNING - MockBoost.exe已终止
2025-03-13 02:27:53,615 - INFO - MockBoost.exe已启动，进程ID: 33184
2025-03-13 02:27:54,616 - INFO - CPU使用率: 45.3%
2025-03-13 02:27:54,616 - INFO - 内存使用: 44.68 MB
2025-03-13 02:28:00,617 - INFO - CPU使用率: 82.8%
2025-03-13 02:28:00,617 - INFO - 内存使用: 190.75 MB
2025-03-13 02:28:06,618 - INFO - CPU使用率: 56.3%
2025-03-13 02:28:06,618 - INFO - 内存使用: 391.67 MB
2025-03-13 02:28:12,619 - INFO - CPU使用率: 60.9%
2025-03-13 02:28:12,619 - INFO - 内存使用: 413.11 MB
2025-03-13 02:28:18,620 - INFO - CPU使用率: 87.5%
2025-03-13 02:28:18,620 - INFO - 内存使用: 570.51 MB
2025-03-13 02:28:24,620 - INFO - CPU使用率: 96.9%
2025-03-13 02:28:24,620 - INFO - 内存使用: 670.86 MB
2025-03-13 02:28:24,620 - WARNING - CPU使用率过高: 96.9%
2025-03-13 02:28:30,621 - INFO - CPU使用率: 95.3%
2025-03-13 02:28:30,621 - INFO - 内存使用: 703.82 MB
2025-03-13 02:28:30,621 - WARNING - CPU使用率过高: 95.3%
2025-03-13 02:28:36,622 - INFO - CPU使用率: 0.0%
2025-03-13 02:28:36,622 - INFO - 内存使用: 906.25 MB
2025-03-13 02:28:42,623 - INFO - CPU使用率: 0.0%
2025-03-13 02:28:42,623 - INFO - 内存使用: 908.82 MB
2025-03-13 02:28:48,624 - INFO - CPU使用率: 79.7%
2025-03-13 02:28:48,624 - INFO - 内存使用: 1315.99 MB
2025-03-13 02:28:48,624 - WARNING - 内存使用过高: 1315.99 MB
2025-03-13 02:28:54,625 - INFO - CPU使用率: 43.8%
2025-03-13 02:28:54,625 - INFO - 内存使用: 8233.55 MB
2025-03-13 02:28:54,625 - WARNING - 内存使用过高: 8233.55 MB
2025-03-13 02:29:00,626 - INFO - CPU使用率: 67.2%
2025-03-13 02:29:00,626 - INFO - 内存使用: 2943.96 MB
2025-03-13 02:29:00,626 - WARNING - 内存使用过高: 2943.96 MB
2025-03-13 02:29:06,627 - INFO - CPU使用率: 95.3%
2025-03-13 02:29:06,627 - INFO - 内存使用: 4116.41 MB
2025-03-13 02:29:06,627 - WARNING - CPU使用率过高: 95.3%
2025-03-13 02:29:06,627 - WARNING - 内存使用过高: 4116.41 MB
2025-03-13 02:29:12,628 - INFO - CPU使用率: 104.7%
2025-03-13 02:29:12,628 - INFO - 内存使用: 4694.89 MB
2025-03-13 02:29:12,628 - WARNING - CPU使用率过高: 104.7%
2025-03-13 02:29:12,629 - WARNING - 内存使用过高: 4694.89 MB
2025-03-13 02:29:18,631 - INFO - CPU使用率: 1.6%
2025-03-13 02:29:18,631 - INFO - 内存使用: 4694.79 MB
2025-03-13 02:29:18,631 - WARNING - 内存使用过高: 4694.79 MB
2025-03-13 02:29:24,632 - INFO - CPU使用率: 1.6%
2025-03-13 02:29:24,632 - INFO - 内存使用: 4386.74 MB
2025-03-13 02:29:24,632 - WARNING - 内存使用过高: 4386.74 MB
2025-03-13 02:29:30,633 - INFO - CPU使用率: 0.0%
2025-03-13 02:29:30,633 - INFO - 内存使用: 4788.05 MB
2025-03-13 02:29:30,633 - WARNING - 内存使用过高: 4788.05 MB
2025-03-13 02:29:35,634 - WARNING - MockBoost.exe已终止
2025-03-13 03:02:00,739 - INFO - MockBoost.exe已启动，进程ID: 29988
2025-03-13 03:02:01,742 - INFO - CPU使用率: 31.2%
2025-03-13 03:02:01,742 - INFO - 内存使用: 36.71 MB
2025-03-13 03:02:07,743 - INFO - CPU使用率: 45.3%
2025-03-13 03:02:07,743 - INFO - 内存使用: 190.43 MB
2025-03-13 03:02:13,744 - INFO - CPU使用率: 6.2%
2025-03-13 03:02:13,744 - INFO - 内存使用: 367.26 MB
2025-03-13 03:02:19,745 - INFO - CPU使用率: 60.9%
2025-03-13 03:02:19,745 - INFO - 内存使用: 391.95 MB
2025-03-13 03:02:25,746 - INFO - CPU使用率: 42.2%
2025-03-13 03:02:25,746 - INFO - 内存使用: 407.48 MB
2025-03-13 03:02:31,747 - INFO - CPU使用率: 0.0%
2025-03-13 03:02:31,747 - INFO - 内存使用: 413.27 MB
2025-03-13 03:02:37,748 - INFO - CPU使用率: 26.6%
2025-03-13 03:02:37,748 - INFO - 内存使用: 593.29 MB
2025-03-13 03:02:43,749 - INFO - CPU使用率: 93.8%
2025-03-13 03:02:43,749 - INFO - 内存使用: 675.25 MB
2025-03-13 03:02:43,749 - WARNING - CPU使用率过高: 93.8%
2025-03-13 03:02:49,750 - INFO - CPU使用率: 78.1%
2025-03-13 03:02:49,750 - INFO - 内存使用: 718.90 MB
2025-03-13 03:02:55,751 - INFO - CPU使用率: 25.0%
2025-03-13 03:02:55,751 - INFO - 内存使用: 849.29 MB
2025-03-13 03:03:01,751 - INFO - CPU使用率: 1.6%
2025-03-13 03:03:01,752 - INFO - 内存使用: 908.66 MB
2025-03-13 03:03:07,753 - INFO - CPU使用率: 10.8%
2025-03-13 03:03:07,753 - INFO - 内存使用: 922.54 MB
2025-03-13 03:03:13,755 - INFO - CPU使用率: 0.0%
2025-03-13 03:03:13,755 - INFO - 内存使用: 1328.59 MB
2025-03-13 03:03:13,755 - WARNING - 内存使用过高: 1328.59 MB
2025-03-13 03:03:18,755 - WARNING - MockBoost.exe已终止
